<?xml version="1.0" encoding="UTF-8"?>
<!-- Generated by org.testng.reporters.JUnitReportReporter -->
<testsuite hostname="DESKTOP-RGFUJQH" failures="2" tests="41" name="lms.runner.TestRunner" time="55.186" errors="0" timestamp="2024-04-01T00:17:57 PDT" skipped="0">
  <testcase classname="lms.runner.TestRunner" name="runScenario" time="1.174"/>
  <testcase classname="lms.runner.TestRunner" name="runScenario" time="1.130"/>
  <testcase classname="lms.runner.TestRunner" name="runScenario" time="1.445"/>
  <testcase classname="lms.runner.TestRunner" name="runScenario" time="1.143"/>
  <testcase classname="lms.runner.TestRunner" name="runScenario" time="1.524"/>
  <testcase classname="lms.runner.TestRunner" name="runScenario" time="1.506"/>
  <testcase classname="lms.runner.TestRunner" name="runScenario" time="1.198">
    <failure message="1 expectation failed.
Response body doesn&#039;t match expectation.
Expected: The content to match the given JSON schema.
error: instance type (object) does not match any allowed primitive type (allowed: [&quot;array&quot;])
    level: &quot;error&quot;
    schema: {&quot;loadingURI&quot;:&quot;#&quot;,&quot;pointer&quot;:&quot;&quot;}
    instance: {&quot;pointer&quot;:&quot;&quot;}
    domain: &quot;validation&quot;
    keyword: &quot;type&quot;
    found: &quot;object&quot;
    expected: [&quot;array&quot;]

  Actual: {&quot;message&quot;:&quot;Deleted All Programs/Batches assigned to User ID&quot;,&quot;success&quot;:true}
" type="java.lang.AssertionError">
      <![CDATA[java.lang.AssertionError: 1 expectation failed.
Response body doesn't match expectation.
Expected: The content to match the given JSON schema.
error: instance type (object) does not match any allowed primitive type (allowed: ["array"])
    level: "error"
    schema: {"loadingURI":"#","pointer":""}
    instance: {"pointer":""}
    domain: "validation"
    keyword: "type"
    found: "object"
    expected: ["array"]

  Actual: {"message":"Deleted All Programs/Batches assigned to User ID","success":true}

at java.base/jdk.internal.reflect.DirectConstructorHandleAccessor.newInstance(DirectConstructorHandleAccessor.java:62)
at java.base/java.lang.reflect.Constructor.newInstanceWithCaller(Constructor.java:502)
at java.base/java.lang.reflect.Constructor.newInstance(Constructor.java:486)
at org.codehaus.groovy.reflection.CachedConstructor.invoke(CachedConstructor.java:73)
at org.codehaus.groovy.runtime.callsite.ConstructorSite$ConstructorSiteNoUnwrapNoCoerce.callConstructor(ConstructorSite.java:108)
at org.codehaus.groovy.runtime.callsite.AbstractCallSite.callConstructor(AbstractCallSite.java:277)
at io.restassured.internal.ResponseSpecificationImpl$HamcrestAssertionClosure.validate(ResponseSpecificationImpl.groovy:512)
at io.restassured.internal.ResponseSpecificationImpl$HamcrestAssertionClosure$validate$1.call(Unknown Source)
at io.restassured.internal.ResponseSpecificationImpl.validateResponseIfRequired(ResponseSpecificationImpl.groovy:696)
at io.restassured.internal.ResponseSpecificationImpl.this$2$validateResponseIfRequired(ResponseSpecificationImpl.groovy)
at java.base/jdk.internal.reflect.DirectMethodHandleAccessor.invoke(DirectMethodHandleAccessor.java:103)
at java.base/java.lang.reflect.Method.invoke(Method.java:580)
at org.codehaus.groovy.runtime.callsite.PlainObjectMetaMethodSite.doInvoke(PlainObjectMetaMethodSite.java:43)
at org.codehaus.groovy.runtime.callsite.PogoMetaMethodSite$PogoCachedMethodSiteNoUnwrapNoCoerce.invoke(PogoMetaMethodSite.java:198)
at org.codehaus.groovy.runtime.callsite.PogoMetaMethodSite.callCurrent(PogoMetaMethodSite.java:62)
at org.codehaus.groovy.runtime.callsite.AbstractCallSite.callCurrent(AbstractCallSite.java:185)
at io.restassured.internal.ResponseSpecificationImpl.body(ResponseSpecificationImpl.groovy:107)
at io.restassured.internal.ValidatableResponseOptionsImpl.body(ValidatableResponseOptionsImpl.java:238)
at lms.tests.UPRBTests.GetUserMapRole200Validation(UPRBTests.java:28)
at lms.stepDefinitions.ETEPositiveLMS_SD.user_should_be_able_to_get_in_the_response_for_delete_users_prgm_batch(ETEPositiveLMS_SD.java:611)
at ✽.User should be able to get 200 in the response for DeleteUsersPrgmBatch(file:///C:/Users/jyoth/git/Team17_APINinjas/Jyo/Team17_APINinjas_LMSHack/src/test/resources/features/ETEPositiveLMS.feature:217)
]]>
    </failure>
  </testcase> <!-- runScenario -->
  <testcase classname="lms.runner.TestRunner" name="runScenario" time="1.452"/>
  <testcase classname="lms.runner.TestRunner" name="runScenario" time="1.042"/>
  <testcase classname="lms.runner.TestRunner" name="runScenario" time="1.213"/>
  <testcase classname="lms.runner.TestRunner" name="runScenario" time="1.106"/>
  <testcase classname="lms.runner.TestRunner" name="runScenario" time="1.270"/>
  <testcase classname="lms.runner.TestRunner" name="runScenario" time="1.089"/>
  <testcase classname="lms.runner.TestRunner" name="runScenario" time="1.173"/>
  <testcase classname="lms.runner.TestRunner" name="runScenario" time="1.247"/>
  <testcase classname="lms.runner.TestRunner" name="runScenario" time="1.039"/>
  <testcase classname="lms.runner.TestRunner" name="runScenario" time="1.069"/>
  <testcase classname="lms.runner.TestRunner" name="runScenario" time="1.133"/>
  <testcase classname="lms.runner.TestRunner" name="runScenario" time="5.840"/>
  <testcase classname="lms.runner.TestRunner" name="runScenario" time="1.134"/>
  <testcase classname="lms.runner.TestRunner" name="runScenario" time="1.167"/>
  <testcase classname="lms.runner.TestRunner" name="runScenario" time="1.171"/>
  <testcase classname="lms.runner.TestRunner" name="runScenario" time="1.113"/>
  <testcase classname="lms.runner.TestRunner" name="runScenario" time="1.280"/>
  <testcase classname="lms.runner.TestRunner" name="runScenario" time="1.058"/>
  <testcase classname="lms.runner.TestRunner" name="runScenario" time="1.097"/>
  <testcase classname="lms.runner.TestRunner" name="runScenario" time="1.211"/>
  <testcase classname="lms.runner.TestRunner" name="runScenario" time="1.422"/>
  <testcase classname="lms.runner.TestRunner" name="runScenario" time="1.184"/>
  <testcase classname="lms.runner.TestRunner" name="runScenario" time="1.523"/>
  <testcase classname="lms.runner.TestRunner" name="runScenario" time="1.038"/>
  <testcase classname="lms.runner.TestRunner" name="runScenario" time="1.298"/>
  <testcase classname="lms.runner.TestRunner" name="runScenario" time="1.134"/>
  <testcase classname="lms.runner.TestRunner" name="runScenario" time="1.213">
    <failure message="1 expectation failed.
Expected status code &lt;200&gt; but was &lt;404&gt;.
" type="java.lang.AssertionError">
      <![CDATA[java.lang.AssertionError: 1 expectation failed.
Expected status code <200> but was <404>.

at java.base/jdk.internal.reflect.DirectConstructorHandleAccessor.newInstance(DirectConstructorHandleAccessor.java:62)
at java.base/java.lang.reflect.Constructor.newInstanceWithCaller(Constructor.java:502)
at java.base/java.lang.reflect.Constructor.newInstance(Constructor.java:486)
at org.codehaus.groovy.reflection.CachedConstructor.invoke(CachedConstructor.java:73)
at org.codehaus.groovy.runtime.callsite.ConstructorSite$ConstructorSiteNoUnwrapNoCoerce.callConstructor(ConstructorSite.java:108)
at org.codehaus.groovy.runtime.callsite.CallSiteArray.defaultCallConstructor(CallSiteArray.java:57)
at org.codehaus.groovy.runtime.callsite.AbstractCallSite.callConstructor(AbstractCallSite.java:263)
at org.codehaus.groovy.runtime.callsite.AbstractCallSite.callConstructor(AbstractCallSite.java:277)
at io.restassured.internal.ResponseSpecificationImpl$HamcrestAssertionClosure.validate(ResponseSpecificationImpl.groovy:512)
at io.restassured.internal.ResponseSpecificationImpl$HamcrestAssertionClosure$validate$1.call(Unknown Source)
at io.restassured.internal.ResponseSpecificationImpl.validateResponseIfRequired(ResponseSpecificationImpl.groovy:696)
at io.restassured.internal.ResponseSpecificationImpl.this$2$validateResponseIfRequired(ResponseSpecificationImpl.groovy)
at java.base/jdk.internal.reflect.DirectMethodHandleAccessor.invoke(DirectMethodHandleAccessor.java:103)
at java.base/java.lang.reflect.Method.invoke(Method.java:580)
at org.codehaus.groovy.runtime.callsite.PlainObjectMetaMethodSite.doInvoke(PlainObjectMetaMethodSite.java:43)
at org.codehaus.groovy.runtime.callsite.PogoMetaMethodSite$PogoCachedMethodSiteNoUnwrapNoCoerce.invoke(PogoMetaMethodSite.java:198)
at org.codehaus.groovy.runtime.callsite.PogoMetaMethodSite.callCurrent(PogoMetaMethodSite.java:62)
at org.codehaus.groovy.runtime.callsite.AbstractCallSite.callCurrent(AbstractCallSite.java:185)
at io.restassured.internal.ResponseSpecificationImpl.statusCode(ResponseSpecificationImpl.groovy:135)
at io.restassured.specification.ResponseSpecification$statusCode$0.callCurrent(Unknown Source)
at io.restassured.internal.ResponseSpecificationImpl.statusCode(ResponseSpecificationImpl.groovy:143)
at io.restassured.internal.ValidatableResponseOptionsImpl.statusCode(ValidatableResponseOptionsImpl.java:89)
at lms.tests.UPRBTests.GetUserMapRole200Validation(UPRBTests.java:25)
at lms.stepDefinitions.ETEPositiveLMS_SD.user_should_be_able_to_get_in_the_response_for_get_users_prgm_batch_user_id_for_a_user(ETEPositiveLMS_SD.java:644)
at ✽.User should be able to get 200 in the response for GetUsersPrgmBatchUserId for a user(file:///C:/Users/jyoth/git/Team17_APINinjas/Jyo/Team17_APINinjas_LMSHack/src/test/resources/features/ETEPositiveLMS.feature:118)
]]>
    </failure>
  </testcase> <!-- runScenario -->
  <testcase classname="lms.runner.TestRunner" name="runScenario" time="2.170"/>
  <testcase classname="lms.runner.TestRunner" name="runScenario" time="1.043"/>
  <testcase classname="lms.runner.TestRunner" name="runScenario" time="1.115"/>
  <testcase classname="lms.runner.TestRunner" name="runScenario" time="1.095"/>
  <testcase classname="lms.runner.TestRunner" name="runScenario" time="1.317"/>
  <testcase classname="lms.runner.TestRunner" name="runScenario" time="1.060"/>
  <testcase classname="lms.runner.TestRunner" name="runScenario" time="1.550"/>
</testsuite> <!-- lms.runner.TestRunner -->
